Arguments: 
  /Users/munong/.nvm/versions/node/v9.8.0/bin/node /Users/munong/.nvm/versions/node/v9.8.0/bin/yarn build -- tiny

PATH: 
  /Users/munong/.cargo/bin:/usr/local/opt/coreutils/libexec/gnubin:/Applications/iTerm.app/Contents/MacOS:/Users/munong/.cargo/bin:/Users/munong/.cargo/bin:/Users/munong/Documents/github/firefox/mozilla-central:/usr/local/opt/openssl/bin:/Users/munong/Documents/github/depot_tools:/usr/local/Cellar/python/2.7.13/bin:/usr/local/cuda/bin:/Users/munong/Documents/boost_gradle_home:/Users/munong/Documents/chromium/depot_tools:/usr/local/bin:/usr/local/bin:/usr/bin:/bin:/usr/sbin:/sbin:/usr/local/share/dotnet:/usr/local/go/bin:/usr/local/sbin:/Users/munong/.cargo/bin:/usr/local/opt/coreutils/libexec/gnubin:/Applications/iTerm.app/Contents/MacOS:/Users/munong/Documents/github/firefox/mozilla-central:/usr/local/opt/openssl/bin:/Users/munong/Documents/github/depot_tools:/Users/munong/.nvm/versions/node/v9.8.0/bin:/usr/local/Cellar/python/2.7.13/bin:/usr/local/cuda/bin:/Users/munong/Documents/boost_gradle_home:/Users/munong/Documents/chromium/depot_tools

Yarn version: 
  1.5.1

Node version: 
  9.8.0

Platform: 
  darwin x64

npm manifest: 
  {
    "name": "ant-devtools-frontend",
    "description": "Ant DevTools UI From Chrome",
    "version": "0.6.1",
    "scripts": {
      "build": "gulp --gulpfile scripts/gulp/gulpfile.js",
      "build:webview": "webpack -w",
      "dev": "npm run build:webview",
      "compile:webview": "webpack",
      "start": "node server/server.js",
      "chrome": "node scripts/chrome_debug_launcher/launch_chrome.js",
      "server": "node server/server.js",
      "test": "node scripts/npm_test.js",
      "test:build": "node scripts/npm_test.js --build-only",
      "test:run": "node scripts/npm_test.js --test-only",
      "lint": "eslint front_end",
      "format": "node scripts/format.js",
      "closure": "python scripts/compile_frontend.py"
    },
    "repository": {
      "type": "git",
      "url": "git+https://github.com/wenshiqi0/ant-devtools-frontend.git"
    },
    "keywords": [
      "devtools",
      "chrome",
      "chromium",
      "blink",
      "debugger"
    ],
    "main": "index.js",
    "author": "The Chromium Authors",
    "license": "SEE LICENSE IN https://chromium.googlesource.com/chromium/src/+/master/LICENSE",
    "bugs": {
      "url": "https://bugs.chromium.org/p/chromium/issues/list?can=2&q=component:Platform%3EDevTools%20&sort=-opened&colspec=ID%20Stars%20Owner%20Summary%20Modified%20Opened"
    },
    "homepage": "https://devtools.chrome.com",
    "dependencies": {
      "fbjs": "^0.8.16",
      "koa": "^2.2.0",
      "koa-convert": "^1.2.0",
      "koa-static": "^3.0.0"
    },
    "devDependencies": {
      "async": "1.5.2",
      "babel-core": "^6.24.1",
      "babel-loader": "^7.0.0",
      "babel-plugin-add-module-exports": "^0.2.1",
      "babel-plugin-import": "^1.1.1",
      "babel-plugin-transform-decorators-legacy": "^1.3.4",
      "babel-plugin-transform-runtime": "^6.23.0",
      "babel-preset-es2015": "^6.24.1",
      "babel-preset-es2015-node": "^6.1.1",
      "babel-preset-react": "^6.24.1",
      "babel-preset-stage-0": "^6.24.1",
      "clang-format": "1.0.45",
      "electron": "^1.6.6",
      "eslint": "3.10.0",
      "fs-promise": "^2.0.3",
      "globby": "6.0.0",
      "gulp": "^3.9.1",
      "ts-loader": "^2.0.3",
      "typescript": "^2.3.2",
      "webpack": "^2.5.1"
    }
  }

yarn manifest: 
  No manifest

Lockfile: 
  No lockfile

Trace: 
  Error: Command failed.
  Exit code: 1
  Command: sh
  Arguments: -c gulp --gulpfile scripts/gulp/gulpfile.js tiny
  Directory: /Users/munong/Documents/develop/ant-devtools-frontend
  Output:
  
      at ProcessTermError.MessageError (/Users/munong/.nvm/versions/node/v9.8.0/lib/node_modules/yarn/lib/cli.js:186:110)
      at new ProcessTermError (/Users/munong/.nvm/versions/node/v9.8.0/lib/node_modules/yarn/lib/cli.js:226:113)
      at ChildProcess.<anonymous> (/Users/munong/.nvm/versions/node/v9.8.0/lib/node_modules/yarn/lib/cli.js:30281:17)
      at ChildProcess.emit (events.js:180:13)
      at maybeClose (internal/child_process.js:936:16)
      at Process.ChildProcess._handle.onexit (internal/child_process.js:220:5)
